2025-10-08 14:19:20.800 [com.solvd.sportsleaguemanagement.app.Main.main()] INFO  com.solvd.sportsleaguemanagement.organization.League - League class loaded, TAX_RATE initialized to 18%
2025-10-08 14:19:20.804 [com.solvd.sportsleaguemanagement.app.Main.main()] INFO  com.solvd.sportsleaguemanagement.app.Main - Team repo size: 2
2025-10-08 14:19:20.805 [com.solvd.sportsleaguemanagement.app.Main.main()] INFO  com.solvd.sportsleaguemanagement.app.Main - Player repo empty? false
2025-10-08 14:19:20.805 [com.solvd.sportsleaguemanagement.app.Main.main()] INFO  com.solvd.sportsleaguemanagement.event.Schedule - Publishing schedule for National Premier League, round 1 on 2025-08-15 with expected spectators: 18000
2025-10-08 14:19:20.805 [com.solvd.sportsleaguemanagement.app.Main.main()] INFO  com.solvd.sportsleaguemanagement.event.Match - Match: Red Hawks vs Blue Bears at National Stadium.
2025-10-08 14:19:20.806 [com.solvd.sportsleaguemanagement.app.Main.main()] INFO  com.solvd.sportsleaguemanagement.app.Main - 20.00 USD
2025-10-08 14:19:20.808 [com.solvd.sportsleaguemanagement.app.Main.main()] INFO  com.solvd.sportsleaguemanagement.app.Main - Before booking hook
2025-10-08 14:19:20.811 [com.solvd.sportsleaguemanagement.app.Main.main()] INFO  com.solvd.sportsleaguemanagement.app.Main - Booking confirmed for Red Hawks vs Blue Bears at National Stadium
2025-10-08 14:19:20.812 [com.solvd.sportsleaguemanagement.app.Main.main()] INFO  com.solvd.sportsleaguemanagement.app.Main - Organizer: Giorgi Beridze
2025-10-08 14:19:20.812 [com.solvd.sportsleaguemanagement.app.Main.main()] INFO  com.solvd.sportsleaguemanagement.app.Main - Expected attendance: 18000
2025-10-08 14:19:20.812 [com.solvd.sportsleaguemanagement.app.Main.main()] INFO  com.solvd.sportsleaguemanagement.app.Main - Ticket price: $20.00
2025-10-08 14:19:20.812 [com.solvd.sportsleaguemanagement.app.Main.main()] INFO  com.solvd.sportsleaguemanagement.app.Main - Projected revenue: $360000.00
2025-10-08 14:19:20.812 [com.solvd.sportsleaguemanagement.app.Main.main()] INFO  com.solvd.sportsleaguemanagement.app.Main - Booking event logged: Red Hawks vs Blue Bears
2025-10-08 14:19:20.812 [com.solvd.sportsleaguemanagement.app.Main.main()] INFO  com.solvd.sportsleaguemanagement.app.Main - After booking hook
2025-10-08 14:19:20.812 [com.solvd.sportsleaguemanagement.app.Main.main()] INFO  com.solvd.sportsleaguemanagement.app.Main - Before booking hook
2025-10-08 14:19:20.812 [com.solvd.sportsleaguemanagement.app.Main.main()] INFO  com.solvd.sportsleaguemanagement.app.Main - Booking confirmed for No description at National Stadium
2025-10-08 14:19:20.812 [com.solvd.sportsleaguemanagement.app.Main.main()] INFO  com.solvd.sportsleaguemanagement.app.Main - Organizer: Giorgi Beridze
2025-10-08 14:19:20.812 [com.solvd.sportsleaguemanagement.app.Main.main()] INFO  com.solvd.sportsleaguemanagement.app.Main - Expected attendance: 18000
2025-10-08 14:19:20.812 [com.solvd.sportsleaguemanagement.app.Main.main()] INFO  com.solvd.sportsleaguemanagement.app.Main - Ticket price: $10.00
2025-10-08 14:19:20.812 [com.solvd.sportsleaguemanagement.app.Main.main()] INFO  com.solvd.sportsleaguemanagement.app.Main - Projected revenue: $180000.00
2025-10-08 14:19:20.812 [com.solvd.sportsleaguemanagement.app.Main.main()] INFO  com.solvd.sportsleaguemanagement.app.Main - Booking event logged: No description
2025-10-08 14:19:20.812 [com.solvd.sportsleaguemanagement.app.Main.main()] INFO  com.solvd.sportsleaguemanagement.app.Main - After booking hook
2025-10-08 14:19:20.812 [com.solvd.sportsleaguemanagement.app.Main.main()] INFO  com.solvd.sportsleaguemanagement.person.Coach - Coach Giorgi Beridze conducts a training session
2025-10-08 14:19:20.813 [com.solvd.sportsleaguemanagement.app.Main.main()] INFO  com.solvd.sportsleaguemanagement.person.Player - Player Nika Kapanadze is training
2025-10-08 14:19:20.813 [com.solvd.sportsleaguemanagement.app.Main.main()] INFO  com.solvd.sportsleaguemanagement.person.Player - Player Levan Chkheidze is training
2025-10-08 14:19:20.813 [com.solvd.sportsleaguemanagement.app.Main.main()] INFO  com.solvd.sportsleaguemanagement.person.Player - Player Irakli Gelashvili is training
2025-10-08 14:19:20.813 [com.solvd.sportsleaguemanagement.app.Main.main()] INFO  com.solvd.sportsleaguemanagement.person.Coach - Coach Giorgi Beridze conducts a training session
2025-10-08 14:19:20.813 [com.solvd.sportsleaguemanagement.app.Main.main()] INFO  com.solvd.sportsleaguemanagement.person.Player - Nika Kapanadze scored a goal!
2025-10-08 14:19:20.813 [com.solvd.sportsleaguemanagement.app.Main.main()] INFO  com.solvd.sportsleaguemanagement.person.Referee - Mariam Ninoshvili is officiating a match.
2025-10-08 14:19:20.813 [com.solvd.sportsleaguemanagement.app.Main.main()] INFO  com.solvd.sportsleaguemanagement.organization.Team - Red Hawks from Tbilisi is playing a match with 3 players.
2025-10-08 14:19:20.813 [com.solvd.sportsleaguemanagement.app.Main.main()] INFO  com.solvd.sportsleaguemanagement.facility.Facility - Facility National Stadium at Tbilisi is now open.
2025-10-08 14:19:20.813 [com.solvd.sportsleaguemanagement.app.Main.main()] INFO  com.solvd.sportsleaguemanagement.facility.Facility - Facility Training Center at Batumi is now open.
2025-10-08 14:19:20.813 [com.solvd.sportsleaguemanagement.app.Main.main()] INFO  com.solvd.sportsleaguemanagement.organization.Team - Organization: id=101, name='Red Hawks', foundedYear=2005, city='Tbilisi', headCoach=Giorgi Beridze, division=EAST, playersCount=3, disciplinaryPoints=0
2025-10-08 14:19:20.814 [com.solvd.sportsleaguemanagement.app.Main.main()] INFO  com.solvd.sportsleaguemanagement.app.Main - Generated id: 1
2025-10-08 14:19:20.814 [com.solvd.sportsleaguemanagement.app.Main.main()] INFO  com.solvd.sportsleaguemanagement.app.Main - 
=== System Details ===
2025-10-08 14:19:20.814 [com.solvd.sportsleaguemanagement.app.Main.main()] INFO  com.solvd.sportsleaguemanagement.app.Main - Organization: id=101, name='Red Hawks', foundedYear=2005, city='Tbilisi', headCoach=Giorgi Beridze, division=EAST, playersCount=3, disciplinaryPoints=0
2025-10-08 14:19:20.814 [com.solvd.sportsleaguemanagement.app.Main.main()] INFO  com.solvd.sportsleaguemanagement.app.Main - Organization: id=102, name='Blue Bears', foundedYear=2010, city='Batumi', headCoach=none, division=WEST, playersCount=0, disciplinaryPoints=0
2025-10-08 14:19:20.814 [com.solvd.sportsleaguemanagement.app.Main.main()] INFO  com.solvd.sportsleaguemanagement.app.Main - Organization: id=1000, name='National Premier League', foundedYear=1998, sportType='Football', seasonYear=2025, seasonStartDate=2025-08-15, teams=2
2025-10-08 14:19:20.814 [com.solvd.sportsleaguemanagement.app.Main.main()] INFO  com.solvd.sportsleaguemanagement.app.Main - Event: id=4000, dateTime=2025-10-08T14:19:20.802459, endTime=2025-10-08T16:19:20.802459, title='League opener', description='No description', homeTeam='Red Hawks', awayTeam='Blue Bears', stadiumName='National Stadium', homeScore=0, awayScore=0, expectedAttendance=18000
2025-10-08 14:19:20.814 [com.solvd.sportsleaguemanagement.app.Main.main()] INFO  com.solvd.sportsleaguemanagement.app.Main - Booked events: 4
2025-10-08 14:19:20.814 [com.solvd.sportsleaguemanagement.app.Main.main()] INFO  com.solvd.sportsleaguemanagement.app.Main - Roster size: 3
2025-10-08 14:19:20.815 [com.solvd.sportsleaguemanagement.app.Main.main()] INFO  com.solvd.sportsleaguemanagement.app.Main - Roster player: Nika Kapanadze
2025-10-08 14:19:20.815 [com.solvd.sportsleaguemanagement.app.Main.main()] INFO  com.solvd.sportsleaguemanagement.app.Main - Roster player: Levan Chkheidze
2025-10-08 14:19:20.815 [com.solvd.sportsleaguemanagement.app.Main.main()] INFO  com.solvd.sportsleaguemanagement.app.Main - Roster player: Irakli Gelashvili
2025-10-08 14:19:20.815 [com.solvd.sportsleaguemanagement.app.Main.main()] INFO  com.solvd.sportsleaguemanagement.app.Main - Coaches isEmpty? false
2025-10-08 14:19:20.815 [com.solvd.sportsleaguemanagement.app.Main.main()] INFO  com.solvd.sportsleaguemanagement.app.Main - First coach: Giorgi Beridze
2025-10-08 14:19:20.815 [com.solvd.sportsleaguemanagement.app.Main.main()] INFO  com.solvd.sportsleaguemanagement.app.Main - Map size: 1
2025-10-08 14:19:20.815 [com.solvd.sportsleaguemanagement.app.Main.main()] INFO  com.solvd.sportsleaguemanagement.app.Main - National Stadium -> events: 1
2025-10-08 14:19:20.815 [com.solvd.sportsleaguemanagement.app.Main.main()] INFO  com.solvd.sportsleaguemanagement.app.Main - Result ok? true
2025-10-08 14:19:20.815 [com.solvd.sportsleaguemanagement.app.Main.main()] INFO  com.solvd.sportsleaguemanagement.app.Main - 
=== Reflection Demo ===
2025-10-08 14:19:20.815 [com.solvd.sportsleaguemanagement.app.Main.main()] INFO  com.solvd.sportsleaguemanagement.app.Main - private static final Logger LOGGER
2025-10-08 14:19:20.816 [com.solvd.sportsleaguemanagement.app.Main.main()] INFO  com.solvd.sportsleaguemanagement.app.Main - protected Position position
2025-10-08 14:19:20.816 [com.solvd.sportsleaguemanagement.app.Main.main()] INFO  com.solvd.sportsleaguemanagement.app.Main - private int jerseyNumber
2025-10-08 14:19:20.816 [com.solvd.sportsleaguemanagement.app.Main.main()] INFO  com.solvd.sportsleaguemanagement.app.Main - private boolean isCaptain
2025-10-08 14:19:20.816 [com.solvd.sportsleaguemanagement.app.Main.main()] INFO  com.solvd.sportsleaguemanagement.app.Main - private double salary
2025-10-08 14:19:20.816 [com.solvd.sportsleaguemanagement.app.Main.main()] INFO  com.solvd.sportsleaguemanagement.app.Main - public com.solvd.sportsleaguemanagement.person.Player([class java.lang.Integer, class java.lang.String, class java.lang.String, class java.time.LocalDate, class com.solvd.sportsleaguemanagement.types.Position, int, boolean])
2025-10-08 14:19:20.816 [com.solvd.sportsleaguemanagement.app.Main.main()] INFO  com.solvd.sportsleaguemanagement.app.Main - public Position getPosition([])
2025-10-08 14:19:20.816 [com.solvd.sportsleaguemanagement.app.Main.main()] INFO  com.solvd.sportsleaguemanagement.app.Main - public boolean equals([class java.lang.Object])
2025-10-08 14:19:20.816 [com.solvd.sportsleaguemanagement.app.Main.main()] INFO  com.solvd.sportsleaguemanagement.app.Main - public String toString([])
2025-10-08 14:19:20.816 [com.solvd.sportsleaguemanagement.app.Main.main()] INFO  com.solvd.sportsleaguemanagement.app.Main - public int hashCode([])
2025-10-08 14:19:20.816 [com.solvd.sportsleaguemanagement.app.Main.main()] INFO  com.solvd.sportsleaguemanagement.app.Main - public boolean isEligibleToPlay([])
2025-10-08 14:19:20.816 [com.solvd.sportsleaguemanagement.app.Main.main()] INFO  com.solvd.sportsleaguemanagement.app.Main - public int getJerseyNumber([])
2025-10-08 14:19:20.816 [com.solvd.sportsleaguemanagement.app.Main.main()] INFO  com.solvd.sportsleaguemanagement.app.Main - public void setJerseyNumber([int])
2025-10-08 14:19:20.816 [com.solvd.sportsleaguemanagement.app.Main.main()] INFO  com.solvd.sportsleaguemanagement.app.Main - public void pay([double])
2025-10-08 14:19:20.816 [com.solvd.sportsleaguemanagement.app.Main.main()] INFO  com.solvd.sportsleaguemanagement.app.Main - public void train([])
2025-10-08 14:19:20.816 [com.solvd.sportsleaguemanagement.app.Main.main()] INFO  com.solvd.sportsleaguemanagement.app.Main - public boolean isCaptain([])
2025-10-08 14:19:20.816 [com.solvd.sportsleaguemanagement.app.Main.main()] INFO  com.solvd.sportsleaguemanagement.app.Main - public void setPosition([class com.solvd.sportsleaguemanagement.types.Position])
2025-10-08 14:19:20.816 [com.solvd.sportsleaguemanagement.app.Main.main()] INFO  com.solvd.sportsleaguemanagement.app.Main - public void setIsCaptain([boolean])
2025-10-08 14:19:20.816 [com.solvd.sportsleaguemanagement.app.Main.main()] INFO  com.solvd.sportsleaguemanagement.app.Main - public String getRole([])
2025-10-08 14:19:20.816 [com.solvd.sportsleaguemanagement.app.Main.main()] INFO  com.solvd.sportsleaguemanagement.app.Main - public void scoreGoal([])
2025-10-08 14:19:20.817 [com.solvd.sportsleaguemanagement.app.Main.main()] INFO  com.solvd.sportsleaguemanagement.app.Main - public double discountRate([])
2025-10-08 14:19:20.817 [com.solvd.sportsleaguemanagement.app.Main.main()] INFO  com.solvd.sportsleaguemanagement.app.Main - public double getSalary([])
2025-10-08 14:19:20.817 [com.solvd.sportsleaguemanagement.app.Main.main()] INFO  com.solvd.sportsleaguemanagement.app.Main - public void setSalary([double])
2025-10-08 14:19:20.818 [com.solvd.sportsleaguemanagement.app.Main.main()] INFO  com.solvd.sportsleaguemanagement.person.Player - Player Gocha Kakhniashvili is training
2025-10-08 14:19:20.819 [com.solvd.sportsleaguemanagement.app.Main.main()] INFO  com.solvd.sportsleaguemanagement.app.Main - Player class annotated: Critical entity: Player
2025-10-08 14:19:20.819 [com.solvd.sportsleaguemanagement.app.Main.main()] INFO  com.solvd.sportsleaguemanagement.app.Main - Method train annotated: Training action
2025-10-08 14:23:45.088 [com.solvd.sportsleaguemanagement.app.Main.main()] INFO  com.solvd.sportsleaguemanagement.organization.League - League class loaded, TAX_RATE initialized to 18%
2025-10-08 14:23:45.091 [com.solvd.sportsleaguemanagement.app.Main.main()] INFO  com.solvd.sportsleaguemanagement.app.Main - Team repo size: 2
2025-10-08 14:23:45.091 [com.solvd.sportsleaguemanagement.app.Main.main()] INFO  com.solvd.sportsleaguemanagement.app.Main - Player repo empty? false
2025-10-08 14:23:45.092 [com.solvd.sportsleaguemanagement.app.Main.main()] INFO  com.solvd.sportsleaguemanagement.event.Schedule - Publishing schedule for National Premier League, round 1 on 2025-08-15 with expected spectators: 18000
2025-10-08 14:23:45.092 [com.solvd.sportsleaguemanagement.app.Main.main()] INFO  com.solvd.sportsleaguemanagement.event.Match - Match: Red Hawks vs Blue Bears at National Stadium.
2025-10-08 14:23:45.093 [com.solvd.sportsleaguemanagement.app.Main.main()] INFO  com.solvd.sportsleaguemanagement.app.Main - 20.00 USD
2025-10-08 14:23:45.094 [com.solvd.sportsleaguemanagement.app.Main.main()] INFO  com.solvd.sportsleaguemanagement.app.Main - Before booking hook
2025-10-08 14:23:45.098 [com.solvd.sportsleaguemanagement.app.Main.main()] INFO  com.solvd.sportsleaguemanagement.app.Main - Booking confirmed for Red Hawks vs Blue Bears at National Stadium
2025-10-08 14:23:45.098 [com.solvd.sportsleaguemanagement.app.Main.main()] INFO  com.solvd.sportsleaguemanagement.app.Main - Organizer: Giorgi Beridze
2025-10-08 14:23:45.098 [com.solvd.sportsleaguemanagement.app.Main.main()] INFO  com.solvd.sportsleaguemanagement.app.Main - Expected attendance: 18000
2025-10-08 14:23:45.098 [com.solvd.sportsleaguemanagement.app.Main.main()] INFO  com.solvd.sportsleaguemanagement.app.Main - Ticket price: $20.00
2025-10-08 14:23:45.098 [com.solvd.sportsleaguemanagement.app.Main.main()] INFO  com.solvd.sportsleaguemanagement.app.Main - Projected revenue: $360000.00
2025-10-08 14:23:45.098 [com.solvd.sportsleaguemanagement.app.Main.main()] INFO  com.solvd.sportsleaguemanagement.app.Main - Booking event logged: Red Hawks vs Blue Bears
2025-10-08 14:23:45.098 [com.solvd.sportsleaguemanagement.app.Main.main()] INFO  com.solvd.sportsleaguemanagement.app.Main - After booking hook
2025-10-08 14:23:45.098 [com.solvd.sportsleaguemanagement.app.Main.main()] INFO  com.solvd.sportsleaguemanagement.app.Main - Before booking hook
2025-10-08 14:23:45.098 [com.solvd.sportsleaguemanagement.app.Main.main()] INFO  com.solvd.sportsleaguemanagement.app.Main - Booking confirmed for No description at National Stadium
2025-10-08 14:23:45.098 [com.solvd.sportsleaguemanagement.app.Main.main()] INFO  com.solvd.sportsleaguemanagement.app.Main - Organizer: Giorgi Beridze
2025-10-08 14:23:45.098 [com.solvd.sportsleaguemanagement.app.Main.main()] INFO  com.solvd.sportsleaguemanagement.app.Main - Expected attendance: 18000
2025-10-08 14:23:45.099 [com.solvd.sportsleaguemanagement.app.Main.main()] INFO  com.solvd.sportsleaguemanagement.app.Main - Ticket price: $10.00
2025-10-08 14:23:45.099 [com.solvd.sportsleaguemanagement.app.Main.main()] INFO  com.solvd.sportsleaguemanagement.app.Main - Projected revenue: $180000.00
2025-10-08 14:23:45.099 [com.solvd.sportsleaguemanagement.app.Main.main()] INFO  com.solvd.sportsleaguemanagement.app.Main - Booking event logged: No description
2025-10-08 14:23:45.099 [com.solvd.sportsleaguemanagement.app.Main.main()] INFO  com.solvd.sportsleaguemanagement.app.Main - After booking hook
2025-10-08 14:23:45.099 [com.solvd.sportsleaguemanagement.app.Main.main()] INFO  com.solvd.sportsleaguemanagement.person.Coach - Coach Giorgi Beridze conducts a training session
2025-10-08 14:23:45.099 [com.solvd.sportsleaguemanagement.app.Main.main()] INFO  com.solvd.sportsleaguemanagement.person.Player - Player Nika Kapanadze is training
2025-10-08 14:23:45.099 [com.solvd.sportsleaguemanagement.app.Main.main()] INFO  com.solvd.sportsleaguemanagement.person.Player - Player Levan Chkheidze is training
2025-10-08 14:23:45.099 [com.solvd.sportsleaguemanagement.app.Main.main()] INFO  com.solvd.sportsleaguemanagement.person.Player - Player Irakli Gelashvili is training
2025-10-08 14:23:45.099 [com.solvd.sportsleaguemanagement.app.Main.main()] INFO  com.solvd.sportsleaguemanagement.person.Coach - Coach Giorgi Beridze conducts a training session
2025-10-08 14:23:45.099 [com.solvd.sportsleaguemanagement.app.Main.main()] INFO  com.solvd.sportsleaguemanagement.person.Player - Nika Kapanadze scored a goal!
2025-10-08 14:23:45.099 [com.solvd.sportsleaguemanagement.app.Main.main()] INFO  com.solvd.sportsleaguemanagement.person.Referee - Mariam Ninoshvili is officiating a match.
2025-10-08 14:23:45.099 [com.solvd.sportsleaguemanagement.app.Main.main()] INFO  com.solvd.sportsleaguemanagement.organization.Team - Red Hawks from Tbilisi is playing a match with 3 players.
2025-10-08 14:23:45.100 [com.solvd.sportsleaguemanagement.app.Main.main()] INFO  com.solvd.sportsleaguemanagement.facility.Facility - Facility National Stadium at Tbilisi is now open.
2025-10-08 14:23:45.100 [com.solvd.sportsleaguemanagement.app.Main.main()] INFO  com.solvd.sportsleaguemanagement.facility.Facility - Facility Training Center at Batumi is now open.
2025-10-08 14:23:45.100 [com.solvd.sportsleaguemanagement.app.Main.main()] INFO  com.solvd.sportsleaguemanagement.organization.Team - Organization: id=101, name='Red Hawks', foundedYear=2005, city='Tbilisi', headCoach=Giorgi Beridze, division=EAST, playersCount=3, disciplinaryPoints=0
2025-10-08 14:23:45.100 [com.solvd.sportsleaguemanagement.app.Main.main()] INFO  com.solvd.sportsleaguemanagement.app.Main - Generated id: 1
2025-10-08 14:23:45.100 [com.solvd.sportsleaguemanagement.app.Main.main()] INFO  com.solvd.sportsleaguemanagement.app.Main - 
=== System Details ===
2025-10-08 14:23:45.100 [com.solvd.sportsleaguemanagement.app.Main.main()] INFO  com.solvd.sportsleaguemanagement.app.Main - Organization: id=101, name='Red Hawks', foundedYear=2005, city='Tbilisi', headCoach=Giorgi Beridze, division=EAST, playersCount=3, disciplinaryPoints=0
2025-10-08 14:23:45.100 [com.solvd.sportsleaguemanagement.app.Main.main()] INFO  com.solvd.sportsleaguemanagement.app.Main - Organization: id=102, name='Blue Bears', foundedYear=2010, city='Batumi', headCoach=none, division=WEST, playersCount=0, disciplinaryPoints=0
2025-10-08 14:23:45.100 [com.solvd.sportsleaguemanagement.app.Main.main()] INFO  com.solvd.sportsleaguemanagement.app.Main - Organization: id=1000, name='National Premier League', foundedYear=1998, sportType='Football', seasonYear=2025, seasonStartDate=2025-08-15, teams=2
2025-10-08 14:23:45.100 [com.solvd.sportsleaguemanagement.app.Main.main()] INFO  com.solvd.sportsleaguemanagement.app.Main - Event: id=4000, dateTime=2025-10-08T14:23:45.090735, endTime=2025-10-08T16:23:45.090735, title='League opener', description='No description', homeTeam='Red Hawks', awayTeam='Blue Bears', stadiumName='National Stadium', homeScore=0, awayScore=0, expectedAttendance=18000
2025-10-08 14:23:45.101 [com.solvd.sportsleaguemanagement.app.Main.main()] INFO  com.solvd.sportsleaguemanagement.app.Main - Booked events: 4
2025-10-08 14:23:45.101 [com.solvd.sportsleaguemanagement.app.Main.main()] INFO  com.solvd.sportsleaguemanagement.app.Main - Roster size: 3
2025-10-08 14:23:45.101 [com.solvd.sportsleaguemanagement.app.Main.main()] INFO  com.solvd.sportsleaguemanagement.app.Main - Roster player: Nika Kapanadze
2025-10-08 14:23:45.101 [com.solvd.sportsleaguemanagement.app.Main.main()] INFO  com.solvd.sportsleaguemanagement.app.Main - Roster player: Levan Chkheidze
2025-10-08 14:23:45.101 [com.solvd.sportsleaguemanagement.app.Main.main()] INFO  com.solvd.sportsleaguemanagement.app.Main - Roster player: Irakli Gelashvili
2025-10-08 14:23:45.101 [com.solvd.sportsleaguemanagement.app.Main.main()] INFO  com.solvd.sportsleaguemanagement.app.Main - Coaches isEmpty? false
2025-10-08 14:23:45.101 [com.solvd.sportsleaguemanagement.app.Main.main()] INFO  com.solvd.sportsleaguemanagement.app.Main - First coach: Giorgi Beridze
2025-10-08 14:23:45.101 [com.solvd.sportsleaguemanagement.app.Main.main()] INFO  com.solvd.sportsleaguemanagement.app.Main - Map size: 1
2025-10-08 14:23:45.101 [com.solvd.sportsleaguemanagement.app.Main.main()] INFO  com.solvd.sportsleaguemanagement.app.Main - National Stadium -> events: 1
2025-10-08 14:23:45.101 [com.solvd.sportsleaguemanagement.app.Main.main()] INFO  com.solvd.sportsleaguemanagement.app.Main - Result ok? true
2025-10-08 14:23:45.101 [com.solvd.sportsleaguemanagement.app.Main.main()] INFO  com.solvd.sportsleaguemanagement.app.Main - 
=== Reflection Demo ===
2025-10-08 14:23:45.102 [com.solvd.sportsleaguemanagement.app.Main.main()] INFO  com.solvd.sportsleaguemanagement.app.Main - private static final Logger LOGGER
2025-10-08 14:23:45.102 [com.solvd.sportsleaguemanagement.app.Main.main()] INFO  com.solvd.sportsleaguemanagement.app.Main - protected Position position
2025-10-08 14:23:45.102 [com.solvd.sportsleaguemanagement.app.Main.main()] INFO  com.solvd.sportsleaguemanagement.app.Main - private int jerseyNumber
2025-10-08 14:23:45.102 [com.solvd.sportsleaguemanagement.app.Main.main()] INFO  com.solvd.sportsleaguemanagement.app.Main - private boolean isCaptain
2025-10-08 14:23:45.102 [com.solvd.sportsleaguemanagement.app.Main.main()] INFO  com.solvd.sportsleaguemanagement.app.Main - private double salary
2025-10-08 14:23:45.102 [com.solvd.sportsleaguemanagement.app.Main.main()] INFO  com.solvd.sportsleaguemanagement.app.Main - public com.solvd.sportsleaguemanagement.person.Player([class java.lang.Integer, class java.lang.String, class java.lang.String, class java.time.LocalDate, class com.solvd.sportsleaguemanagement.types.Position, int, boolean])
2025-10-08 14:23:45.102 [com.solvd.sportsleaguemanagement.app.Main.main()] INFO  com.solvd.sportsleaguemanagement.app.Main - public Position getPosition([])
2025-10-08 14:23:45.102 [com.solvd.sportsleaguemanagement.app.Main.main()] INFO  com.solvd.sportsleaguemanagement.app.Main - public boolean equals([class java.lang.Object])
2025-10-08 14:23:45.102 [com.solvd.sportsleaguemanagement.app.Main.main()] INFO  com.solvd.sportsleaguemanagement.app.Main - public String toString([])
2025-10-08 14:23:45.102 [com.solvd.sportsleaguemanagement.app.Main.main()] INFO  com.solvd.sportsleaguemanagement.app.Main - public int hashCode([])
2025-10-08 14:23:45.102 [com.solvd.sportsleaguemanagement.app.Main.main()] INFO  com.solvd.sportsleaguemanagement.app.Main - public boolean isEligibleToPlay([])
2025-10-08 14:23:45.102 [com.solvd.sportsleaguemanagement.app.Main.main()] INFO  com.solvd.sportsleaguemanagement.app.Main - public int getJerseyNumber([])
2025-10-08 14:23:45.102 [com.solvd.sportsleaguemanagement.app.Main.main()] INFO  com.solvd.sportsleaguemanagement.app.Main - public void setJerseyNumber([int])
2025-10-08 14:23:45.102 [com.solvd.sportsleaguemanagement.app.Main.main()] INFO  com.solvd.sportsleaguemanagement.app.Main - public void train([])
2025-10-08 14:23:45.102 [com.solvd.sportsleaguemanagement.app.Main.main()] INFO  com.solvd.sportsleaguemanagement.app.Main - public void pay([double])
2025-10-08 14:23:45.102 [com.solvd.sportsleaguemanagement.app.Main.main()] INFO  com.solvd.sportsleaguemanagement.app.Main - public String getRole([])
2025-10-08 14:23:45.102 [com.solvd.sportsleaguemanagement.app.Main.main()] INFO  com.solvd.sportsleaguemanagement.app.Main - public void scoreGoal([])
2025-10-08 14:23:45.102 [com.solvd.sportsleaguemanagement.app.Main.main()] INFO  com.solvd.sportsleaguemanagement.app.Main - public double discountRate([])
2025-10-08 14:23:45.102 [com.solvd.sportsleaguemanagement.app.Main.main()] INFO  com.solvd.sportsleaguemanagement.app.Main - public double getSalary([])
2025-10-08 14:23:45.102 [com.solvd.sportsleaguemanagement.app.Main.main()] INFO  com.solvd.sportsleaguemanagement.app.Main - public void setSalary([double])
2025-10-08 14:23:45.102 [com.solvd.sportsleaguemanagement.app.Main.main()] INFO  com.solvd.sportsleaguemanagement.app.Main - public boolean isCaptain([])
2025-10-08 14:23:45.102 [com.solvd.sportsleaguemanagement.app.Main.main()] INFO  com.solvd.sportsleaguemanagement.app.Main - public void setPosition([class com.solvd.sportsleaguemanagement.types.Position])
2025-10-08 14:23:45.103 [com.solvd.sportsleaguemanagement.app.Main.main()] INFO  com.solvd.sportsleaguemanagement.app.Main - public void setIsCaptain([boolean])
2025-10-08 14:23:45.104 [com.solvd.sportsleaguemanagement.app.Main.main()] INFO  com.solvd.sportsleaguemanagement.person.Player - Player Gocha Kakhniashvili is training
2025-10-08 14:23:45.104 [com.solvd.sportsleaguemanagement.app.Main.main()] INFO  com.solvd.sportsleaguemanagement.app.Main - Player class annotated: Critical entity: Player
2025-10-08 14:23:45.105 [com.solvd.sportsleaguemanagement.app.Main.main()] INFO  com.solvd.sportsleaguemanagement.app.Main - Method train annotated: Training action
2025-10-08 14:24:24.500 [com.solvd.sportsleaguemanagement.app.Main.main()] INFO  com.solvd.sportsleaguemanagement.organization.League - League class loaded, TAX_RATE initialized to 18%
2025-10-08 14:24:24.505 [com.solvd.sportsleaguemanagement.app.Main.main()] INFO  com.solvd.sportsleaguemanagement.app.Main - Team repo size: 2
2025-10-08 14:24:24.505 [com.solvd.sportsleaguemanagement.app.Main.main()] INFO  com.solvd.sportsleaguemanagement.app.Main - Player repo empty? false
2025-10-08 14:24:24.505 [com.solvd.sportsleaguemanagement.app.Main.main()] INFO  com.solvd.sportsleaguemanagement.event.Schedule - Publishing schedule for National Premier League, round 1 on 2025-08-15 with expected spectators: 18000
2025-10-08 14:24:24.505 [com.solvd.sportsleaguemanagement.app.Main.main()] INFO  com.solvd.sportsleaguemanagement.event.Match - Match: Red Hawks vs Blue Bears at National Stadium.
2025-10-08 14:24:24.506 [com.solvd.sportsleaguemanagement.app.Main.main()] INFO  com.solvd.sportsleaguemanagement.app.Main - 20.00 USD
2025-10-08 14:24:24.508 [com.solvd.sportsleaguemanagement.app.Main.main()] INFO  com.solvd.sportsleaguemanagement.app.Main - Before booking hook
2025-10-08 14:24:24.511 [com.solvd.sportsleaguemanagement.app.Main.main()] INFO  com.solvd.sportsleaguemanagement.app.Main - Booking confirmed for Red Hawks vs Blue Bears at National Stadium
2025-10-08 14:24:24.511 [com.solvd.sportsleaguemanagement.app.Main.main()] INFO  com.solvd.sportsleaguemanagement.app.Main - Organizer: Giorgi Beridze
2025-10-08 14:24:24.511 [com.solvd.sportsleaguemanagement.app.Main.main()] INFO  com.solvd.sportsleaguemanagement.app.Main - Expected attendance: 18000
2025-10-08 14:24:24.511 [com.solvd.sportsleaguemanagement.app.Main.main()] INFO  com.solvd.sportsleaguemanagement.app.Main - Ticket price: $20.00
2025-10-08 14:24:24.511 [com.solvd.sportsleaguemanagement.app.Main.main()] INFO  com.solvd.sportsleaguemanagement.app.Main - Projected revenue: $360000.00
2025-10-08 14:24:24.511 [com.solvd.sportsleaguemanagement.app.Main.main()] INFO  com.solvd.sportsleaguemanagement.app.Main - Booking event logged: Red Hawks vs Blue Bears
2025-10-08 14:24:24.512 [com.solvd.sportsleaguemanagement.app.Main.main()] INFO  com.solvd.sportsleaguemanagement.app.Main - After booking hook
2025-10-08 14:24:24.512 [com.solvd.sportsleaguemanagement.app.Main.main()] INFO  com.solvd.sportsleaguemanagement.app.Main - Before booking hook
2025-10-08 14:24:24.512 [com.solvd.sportsleaguemanagement.app.Main.main()] INFO  com.solvd.sportsleaguemanagement.app.Main - Booking confirmed for No description at National Stadium
2025-10-08 14:24:24.512 [com.solvd.sportsleaguemanagement.app.Main.main()] INFO  com.solvd.sportsleaguemanagement.app.Main - Organizer: Giorgi Beridze
2025-10-08 14:24:24.512 [com.solvd.sportsleaguemanagement.app.Main.main()] INFO  com.solvd.sportsleaguemanagement.app.Main - Expected attendance: 18000
2025-10-08 14:24:24.512 [com.solvd.sportsleaguemanagement.app.Main.main()] INFO  com.solvd.sportsleaguemanagement.app.Main - Ticket price: $10.00
2025-10-08 14:24:24.512 [com.solvd.sportsleaguemanagement.app.Main.main()] INFO  com.solvd.sportsleaguemanagement.app.Main - Projected revenue: $180000.00
2025-10-08 14:24:24.512 [com.solvd.sportsleaguemanagement.app.Main.main()] INFO  com.solvd.sportsleaguemanagement.app.Main - Booking event logged: No description
2025-10-08 14:24:24.512 [com.solvd.sportsleaguemanagement.app.Main.main()] INFO  com.solvd.sportsleaguemanagement.app.Main - After booking hook
2025-10-08 14:24:24.512 [com.solvd.sportsleaguemanagement.app.Main.main()] INFO  com.solvd.sportsleaguemanagement.person.Coach - Coach Giorgi Beridze conducts a training session
2025-10-08 14:24:24.512 [com.solvd.sportsleaguemanagement.app.Main.main()] INFO  com.solvd.sportsleaguemanagement.person.Player - Player Nika Kapanadze is training
2025-10-08 14:24:24.513 [com.solvd.sportsleaguemanagement.app.Main.main()] INFO  com.solvd.sportsleaguemanagement.person.Player - Player Levan Chkheidze is training
2025-10-08 14:24:24.513 [com.solvd.sportsleaguemanagement.app.Main.main()] INFO  com.solvd.sportsleaguemanagement.person.Player - Player Irakli Gelashvili is training
2025-10-08 14:24:24.513 [com.solvd.sportsleaguemanagement.app.Main.main()] INFO  com.solvd.sportsleaguemanagement.person.Coach - Coach Giorgi Beridze conducts a training session
2025-10-08 14:24:24.513 [com.solvd.sportsleaguemanagement.app.Main.main()] INFO  com.solvd.sportsleaguemanagement.person.Player - Nika Kapanadze scored a goal!
2025-10-08 14:24:24.513 [com.solvd.sportsleaguemanagement.app.Main.main()] INFO  com.solvd.sportsleaguemanagement.person.Referee - Mariam Ninoshvili is officiating a match.
2025-10-08 14:24:24.513 [com.solvd.sportsleaguemanagement.app.Main.main()] INFO  com.solvd.sportsleaguemanagement.organization.Team - Red Hawks from Tbilisi is playing a match with 3 players.
2025-10-08 14:24:24.513 [com.solvd.sportsleaguemanagement.app.Main.main()] INFO  com.solvd.sportsleaguemanagement.facility.Facility - Facility National Stadium at Tbilisi is now open.
2025-10-08 14:24:24.513 [com.solvd.sportsleaguemanagement.app.Main.main()] INFO  com.solvd.sportsleaguemanagement.facility.Facility - Facility Training Center at Batumi is now open.
2025-10-08 14:24:24.513 [com.solvd.sportsleaguemanagement.app.Main.main()] INFO  com.solvd.sportsleaguemanagement.organization.Team - Organization: id=101, name='Red Hawks', foundedYear=2005, city='Tbilisi', headCoach=Giorgi Beridze, division=EAST, playersCount=3, disciplinaryPoints=0
2025-10-08 14:24:24.514 [com.solvd.sportsleaguemanagement.app.Main.main()] INFO  com.solvd.sportsleaguemanagement.app.Main - Generated id: 1
2025-10-08 14:24:24.514 [com.solvd.sportsleaguemanagement.app.Main.main()] INFO  com.solvd.sportsleaguemanagement.app.Main - 
=== System Details ===
2025-10-08 14:24:24.514 [com.solvd.sportsleaguemanagement.app.Main.main()] INFO  com.solvd.sportsleaguemanagement.app.Main - Organization: id=101, name='Red Hawks', foundedYear=2005, city='Tbilisi', headCoach=Giorgi Beridze, division=EAST, playersCount=3, disciplinaryPoints=0
2025-10-08 14:24:24.514 [com.solvd.sportsleaguemanagement.app.Main.main()] INFO  com.solvd.sportsleaguemanagement.app.Main - Organization: id=102, name='Blue Bears', foundedYear=2010, city='Batumi', headCoach=none, division=WEST, playersCount=0, disciplinaryPoints=0
2025-10-08 14:24:24.514 [com.solvd.sportsleaguemanagement.app.Main.main()] INFO  com.solvd.sportsleaguemanagement.app.Main - Organization: id=1000, name='National Premier League', foundedYear=1998, sportType='Football', seasonYear=2025, seasonStartDate=2025-08-15, teams=2
2025-10-08 14:24:24.514 [com.solvd.sportsleaguemanagement.app.Main.main()] INFO  com.solvd.sportsleaguemanagement.app.Main - Event: id=4000, dateTime=2025-10-08T14:24:24.502995, endTime=2025-10-08T16:24:24.502995, title='League opener', description='No description', homeTeam='Red Hawks', awayTeam='Blue Bears', stadiumName='National Stadium', homeScore=0, awayScore=0, expectedAttendance=18000
2025-10-08 14:24:24.514 [com.solvd.sportsleaguemanagement.app.Main.main()] INFO  com.solvd.sportsleaguemanagement.app.Main - Booked events: 4
2025-10-08 14:24:24.514 [com.solvd.sportsleaguemanagement.app.Main.main()] INFO  com.solvd.sportsleaguemanagement.app.Main - Roster size: 3
2025-10-08 14:24:24.515 [com.solvd.sportsleaguemanagement.app.Main.main()] INFO  com.solvd.sportsleaguemanagement.app.Main - Roster player: Nika Kapanadze
2025-10-08 14:24:24.515 [com.solvd.sportsleaguemanagement.app.Main.main()] INFO  com.solvd.sportsleaguemanagement.app.Main - Roster player: Levan Chkheidze
2025-10-08 14:24:24.515 [com.solvd.sportsleaguemanagement.app.Main.main()] INFO  com.solvd.sportsleaguemanagement.app.Main - Roster player: Irakli Gelashvili
2025-10-08 14:24:24.515 [com.solvd.sportsleaguemanagement.app.Main.main()] INFO  com.solvd.sportsleaguemanagement.app.Main - Coaches isEmpty? false
2025-10-08 14:24:24.515 [com.solvd.sportsleaguemanagement.app.Main.main()] INFO  com.solvd.sportsleaguemanagement.app.Main - First coach: Giorgi Beridze
2025-10-08 14:24:24.515 [com.solvd.sportsleaguemanagement.app.Main.main()] INFO  com.solvd.sportsleaguemanagement.app.Main - Map size: 1
2025-10-08 14:24:24.515 [com.solvd.sportsleaguemanagement.app.Main.main()] INFO  com.solvd.sportsleaguemanagement.app.Main - National Stadium -> events: 1
2025-10-08 14:24:24.515 [com.solvd.sportsleaguemanagement.app.Main.main()] INFO  com.solvd.sportsleaguemanagement.app.Main - Result ok? true
2025-10-08 14:24:24.516 [com.solvd.sportsleaguemanagement.app.Main.main()] INFO  com.solvd.sportsleaguemanagement.app.Main - 
=== Reflection Demo ===
2025-10-08 14:24:24.516 [com.solvd.sportsleaguemanagement.app.Main.main()] INFO  com.solvd.sportsleaguemanagement.app.Main - private static final Logger LOGGER
2025-10-08 14:24:24.516 [com.solvd.sportsleaguemanagement.app.Main.main()] INFO  com.solvd.sportsleaguemanagement.app.Main - protected Position position
2025-10-08 14:24:24.516 [com.solvd.sportsleaguemanagement.app.Main.main()] INFO  com.solvd.sportsleaguemanagement.app.Main - private int jerseyNumber
2025-10-08 14:24:24.516 [com.solvd.sportsleaguemanagement.app.Main.main()] INFO  com.solvd.sportsleaguemanagement.app.Main - private boolean isCaptain
2025-10-08 14:24:24.516 [com.solvd.sportsleaguemanagement.app.Main.main()] INFO  com.solvd.sportsleaguemanagement.app.Main - private double salary
2025-10-08 14:24:24.516 [com.solvd.sportsleaguemanagement.app.Main.main()] INFO  com.solvd.sportsleaguemanagement.app.Main - public com.solvd.sportsleaguemanagement.person.Player([class java.lang.Integer, class java.lang.String, class java.lang.String, class java.time.LocalDate, class com.solvd.sportsleaguemanagement.types.Position, int, boolean])
2025-10-08 14:24:24.516 [com.solvd.sportsleaguemanagement.app.Main.main()] INFO  com.solvd.sportsleaguemanagement.app.Main - public Position getPosition([])
2025-10-08 14:24:24.516 [com.solvd.sportsleaguemanagement.app.Main.main()] INFO  com.solvd.sportsleaguemanagement.app.Main - public boolean equals([class java.lang.Object])
2025-10-08 14:24:24.516 [com.solvd.sportsleaguemanagement.app.Main.main()] INFO  com.solvd.sportsleaguemanagement.app.Main - public String toString([])
2025-10-08 14:24:24.516 [com.solvd.sportsleaguemanagement.app.Main.main()] INFO  com.solvd.sportsleaguemanagement.app.Main - public int hashCode([])
2025-10-08 14:24:24.516 [com.solvd.sportsleaguemanagement.app.Main.main()] INFO  com.solvd.sportsleaguemanagement.app.Main - public boolean isEligibleToPlay([])
2025-10-08 14:24:24.516 [com.solvd.sportsleaguemanagement.app.Main.main()] INFO  com.solvd.sportsleaguemanagement.app.Main - public int getJerseyNumber([])
2025-10-08 14:24:24.516 [com.solvd.sportsleaguemanagement.app.Main.main()] INFO  com.solvd.sportsleaguemanagement.app.Main - public void setJerseyNumber([int])
2025-10-08 14:24:24.516 [com.solvd.sportsleaguemanagement.app.Main.main()] INFO  com.solvd.sportsleaguemanagement.app.Main - public String getRole([])
2025-10-08 14:24:24.516 [com.solvd.sportsleaguemanagement.app.Main.main()] INFO  com.solvd.sportsleaguemanagement.app.Main - public void scoreGoal([])
2025-10-08 14:24:24.516 [com.solvd.sportsleaguemanagement.app.Main.main()] INFO  com.solvd.sportsleaguemanagement.app.Main - public double discountRate([])
2025-10-08 14:24:24.516 [com.solvd.sportsleaguemanagement.app.Main.main()] INFO  com.solvd.sportsleaguemanagement.app.Main - public double getSalary([])
2025-10-08 14:24:24.516 [com.solvd.sportsleaguemanagement.app.Main.main()] INFO  com.solvd.sportsleaguemanagement.app.Main - public void setSalary([double])
2025-10-08 14:24:24.516 [com.solvd.sportsleaguemanagement.app.Main.main()] INFO  com.solvd.sportsleaguemanagement.app.Main - public boolean isCaptain([])
2025-10-08 14:24:24.516 [com.solvd.sportsleaguemanagement.app.Main.main()] INFO  com.solvd.sportsleaguemanagement.app.Main - public void setPosition([class com.solvd.sportsleaguemanagement.types.Position])
2025-10-08 14:24:24.517 [com.solvd.sportsleaguemanagement.app.Main.main()] INFO  com.solvd.sportsleaguemanagement.app.Main - public void setIsCaptain([boolean])
2025-10-08 14:24:24.517 [com.solvd.sportsleaguemanagement.app.Main.main()] INFO  com.solvd.sportsleaguemanagement.app.Main - public void train([])
2025-10-08 14:24:24.517 [com.solvd.sportsleaguemanagement.app.Main.main()] INFO  com.solvd.sportsleaguemanagement.app.Main - public void pay([double])
2025-10-08 14:24:24.518 [com.solvd.sportsleaguemanagement.app.Main.main()] INFO  com.solvd.sportsleaguemanagement.person.Player - Player Gocha Kakhniashvili is training
2025-10-08 14:24:24.519 [com.solvd.sportsleaguemanagement.app.Main.main()] INFO  com.solvd.sportsleaguemanagement.app.Main - Player class annotated: Critical entity: Player
2025-10-08 14:24:24.519 [com.solvd.sportsleaguemanagement.app.Main.main()] INFO  com.solvd.sportsleaguemanagement.app.Main - Method train annotated: Training action
